Axe/app/build/outputs/logs/manifest-merger-release-report.txt
-- Merging decision tree log ---
manifest
ADDED from src\main\AndroidManifest.xml:2:1-73:12
	package
		ADDED from src\main\AndroidManifest.xml:3:7-27
		INJECTED from src\main\AndroidManifest.xml
		INJECTED from src\main\AndroidManifest.xml
	android:versionName
		ADDED from src\main\AndroidManifest.xml:5:7-33
		INJECTED from src\main\AndroidManifest.xml
		INJECTED from src\main\AndroidManifest.xml
	android:versionCode
		ADDED from src\main\AndroidManifest.xml:4:7-32
		INJECTED from src\main\AndroidManifest.xml
		INJECTED from src\main\AndroidManifest.xml
	xmlns:android
		ADDED from src\main\AndroidManifest.xml:2:11-69
uses-permission#android.permission.INTERNET
ADDED from src\main\AndroidManifest.xml:7:5-66
	android:name
		ADDED from src\main\AndroidManifest.xml:7:22-64
uses-permission#android.permission.WRITE_EXTERNAL_STORAGE
ADDED from src\main\AndroidManifest.xml:8:5-97
	android:name
		ADDED from src\main\AndroidManifest.xml:8:22-78
uses-sdk
ADDED from src\main\AndroidManifest.xml:9:5-73
	android:targetSdkVersion
		ADDED from src\main\AndroidManifest.xml:9:42-71
		INJECTED from src\main\AndroidManifest.xml
		INJECTED from src\main\AndroidManifest.xml
	android:minSdkVersion
		ADDED from src\main\AndroidManifest.xml:9:15-41
		INJECTED from src\main\AndroidManifest.xml
		INJECTED from src\main\AndroidManifest.xml
application
ADDED from src\main\AndroidManifest.xml:10:5-70:19
	android:label
		ADDED from src\main\AndroidManifest.xml:10:47-79
	android:icon
		ADDED from src\main\AndroidManifest.xml:10:18-46
	android:name
		ADDED from src\main\AndroidManifest.xml:11:11-33
activity#com.xe.Axe.Axe
ADDED from src\main\AndroidManifest.xml:15:9-46:20
	android:screenOrientation
		ADDED from src\main\AndroidManifest.xml:17:19-58
	android:label
		ADDED from src\main\AndroidManifest.xml:16:19-51
	android:launchMode
		ADDED from src\main\AndroidManifest.xml:20:19-50
	android:windowSoftInputMode
		ADDED from src\main\AndroidManifest.xml:19:19-61
	android:configChanges
		ADDED from src\main\AndroidManifest.xml:18:19-102
	android:theme
		ADDED from src\main\AndroidManifest.xml:21:17-48
	android:name
		ADDED from src\main\AndroidManifest.xml:15:19-38
intent-filter#android.intent.action.MAIN+android.intent.category.LAUNCHER
ADDED from src\main\AndroidManifest.xml:28:13-31:29
action#android.intent.action.MAIN
ADDED from src\main\AndroidManifest.xml:29:17-69
	android:name
		ADDED from src\main\AndroidManifest.xml:29:25-66
category#android.intent.category.LAUNCHER
ADDED from src\main\AndroidManifest.xml:30:17-77
	android:name
		ADDED from src\main\AndroidManifest.xml:30:27-74
intent-filter#android.intent.action.EDIT+android.intent.action.VIEW+android.intent.category.DEFAULT
ADDED from src\main\AndroidManifest.xml:32:13-38:29
	android:label
		ADDED from src\main\AndroidManifest.xml:33:19-51
action#android.intent.action.VIEW
ADDED from src\main\AndroidManifest.xml:34:17-69
	android:name
		ADDED from src\main\AndroidManifest.xml:34:25-66
action#android.intent.action.EDIT
ADDED from src\main\AndroidManifest.xml:35:17-69
	android:name
		ADDED from src\main\AndroidManifest.xml:35:25-66
category#android.intent.category.DEFAULT
ADDED from src\main\AndroidManifest.xml:36:17-76
	android:name
		ADDED from src\main\AndroidManifest.xml:36:27-73
data
ADDED from src\main\AndroidManifest.xml:37:17-47
	android:scheme
		ADDED from src\main\AndroidManifest.xml:37:23-44
activity#com.xe.Axe.AxeChild
ADDED from src\main\AndroidManifest.xml:47:9-55:20
	android:process
		ADDED from src\main\AndroidManifest.xml:49:10-40
	android:label
		ADDED from src\main\AndroidManifest.xml:48:19-52
	android:name
		ADDED from src\main\AndroidManifest.xml:47:19-43
intent-filter#android.intent.category.LAUNCHER
ADDED from src\main\AndroidManifest.xml:52:13-54:29
activity#com.xe.Axe.AxeNDKCrash
ADDED from src\main\AndroidManifest.xml:56:9-69:20
	android:process
		ADDED from src\main\AndroidManifest.xml:61:8-38
	android:label
		ADDED from src\main\AndroidManifest.xml:58:17-54
	android:stateNotNeeded
		ADDED from src\main\AndroidManifest.xml:62:8-37
	android:exported
		ADDED from src\main\AndroidManifest.xml:60:8-32
	android:configChanges
		ADDED from src\main\AndroidManifest.xml:59:8-67
	android:theme
		ADDED from src\main\AndroidManifest.xml:63:8-67
	android:name
		ADDED from src\main\AndroidManifest.xml:57:8-35
intent-filter#android.intent.action.VIEW+android.intent.category.DEFAULT
ADDED from src\main\AndroidManifest.xml:64:13-68:29
	android:label
		ADDED from src\main\AndroidManifest.xml:65:19-51